This is pdfTeX, Version 3.14159265-2.6-1.40.16 (TeX Live 2015/Debian) (preloaded format=pdflatex 2016.4.22)  26 APR 2016 17:28
entering extended mode
 restricted \write18 enabled.
 %&-line parsing enabled.
**main.tex
(./main.tex
LaTeX2e <2016/02/01>
Babel <3.9q> and hyphenation patterns for 81 language(s) loaded.
(/usr/share/texlive/texmf-dist/tex/latex/koma-script/scrbook.cls
Document Class: scrbook 2015/10/03 v3.19a KOMA-Script document class (book)
(/usr/share/texlive/texmf-dist/tex/latex/koma-script/scrkbase.sty
Package: scrkbase 2015/10/03 v3.19a KOMA-Script package (KOMA-Script-dependent 
basics and keyval usage)

(/usr/share/texlive/texmf-dist/tex/latex/koma-script/scrbase.sty
Package: scrbase 2015/10/03 v3.19a KOMA-Script package (KOMA-Script-independent
 basics and keyval usage)

(/usr/share/texlive/texmf-dist/tex/latex/graphics/keyval.sty
Package: keyval 2014/10/28 v1.15 key=value parser (DPC)
\KV@toks@=\toks14
)
(/usr/share/texlive/texmf-dist/tex/latex/koma-script/scrlfile.sty
Package: scrlfile 2015/10/03 v3.19a KOMA-Script package (loading files)

Package scrlfile, 2015/10/03 v3.19a KOMA-Script package (loading files)
                  Copyright (C) Markus Kohm

))) (/usr/share/texlive/texmf-dist/tex/latex/koma-script/tocbasic.sty
Package: tocbasic 2015/10/03 v3.19a KOMA-Script package (handling toc-files)
)
Package tocbasic Info: omitting babel extension for `toc'
(tocbasic)             because of feature `nobabel' available
(tocbasic)             for `toc' on input line 125.
Package tocbasic Info: omitting babel extension for `lof'
(tocbasic)             because of feature `nobabel' available
(tocbasic)             for `lof' on input line 126.
Package tocbasic Info: omitting babel extension for `lot'
(tocbasic)             because of feature `nobabel' available
(tocbasic)             for `lot' on input line 127.
Package tocbasic Info: defining new hook before heading of `' on input line 158
4.
Package scrbook Info: You've used standard option `11pt'.
(scrbook)             This is correct!
(scrbook)             Internally I'm using `fontsize=11pt'.
(scrbook)             If you'd like to set the option with \KOMAoptions,
(scrbook)             you'd have to use `fontsize=11pt' there
(scrbook)             instead of `11pt', too.


Class scrbook Warning: You've used obsolete option `bibtotoc'.
(scrbook)              Usage of this option indicates an old document
(scrbook)              and changes compatibility level using
(scrbook)              `bibliography=totoc,version=first'.
(scrbook)              If you don't want this, you should simply
(scrbook)              replace option `bibtotoc' by `bibliography=totoc'.

Class scrbook Info: Switching compatibility level to `first'.

Class scrbook Warning: You've used obsolete option `idxtotoc'.
(scrbook)              Usage of this option indicates an old document
(scrbook)              and changes compatibility level using
(scrbook)              `index=totoc,version=first'.
(scrbook)              If you don't want this, you should simply
(scrbook)              replace option `idxtotoc' by `index=totoc'.

Class scrbook Info: Switching compatibility level to `first'.
Class scrbook Info: File `scrsize11pt.clo' used to setup font sizes on input li
ne 2251.
(/usr/share/texlive/texmf-dist/tex/latex/koma-script/scrsize11pt.clo
File: scrsize11pt.clo 2015/10/03 v3.19a KOMA-Script font size class option (11p
t)
)
(/usr/share/texlive/texmf-dist/tex/latex/koma-script/typearea.sty
Package: typearea 2015/10/03 v3.19a KOMA-Script package (type area)

Package typearea, 2015/10/03 v3.19a KOMA-Script package (type area)
                  Copyright (C) Frank Neukam, 1992-1994
                  Copyright (C) Markus Kohm, 1994-

\ta@bcor=\skip41
\ta@div=\count79
Package typearea Info: You've used standard option `a4paper'.
(typearea)             This is correct!
(typearea)             Internally I'm using `paper=a4'.
(typearea)             If you'd like to set the option with \KOMAoptions,
(typearea)             you'd have to use `paper=a4' there
(typearea)             instead of `a4paper', too.

Package typearea Warning: You've used obsolete option `footexclude'.
(typearea)                Usage of this option indicates an old document
(typearea)                and changes compatibility level using
(typearea)                `footinclude=false,version=first'.
(typearea)                If you don't want this, you should simply
(typearea)                replace option `footexclude' by `footinclude=false'.

Package typearea Info: Switching compatibility level to `first'.
\ta@hblk=\skip42
\ta@vblk=\skip43
\ta@temp=\skip44
\footheight=\skip45
Package typearea Info: These are the values describing the layout:
(typearea)             DIV  = 13
(typearea)             BCOR = 34.1433pt
(typearea)             \paperwidth      = 597.50793pt
(typearea)              \textwidth      = 433.35742pt
(typearea)              DIV departure   = -10%
(typearea)              \evensidemargin = 14.40149pt
(typearea)              \oddsidemargin  = 5.20905pt
(typearea)             \paperheight     = 845.04694pt
(typearea)              \textheight     = 568.60025pt
(typearea)              \topmargin      = -7.26639pt
(typearea)              \headheight     = 17.0pt
(typearea)              \headsep        = 20.40001pt
(typearea)              \topskip        = 11.0pt
(typearea)              \footskip       = 47.6pt
(typearea)              \baselineskip   = 13.6pt
(typearea)              on input line 1509.
)
\c@part=\count80
\c@chapter=\count81
\c@section=\count82
\c@subsection=\count83
\c@subsubsection=\count84
\c@paragraph=\count85
\c@subparagraph=\count86
LaTeX Info: Redefining \textsubscript on input line 4654.
\abovecaptionskip=\skip46
\belowcaptionskip=\skip47
\c@pti@nb@sid@b@x=\box26
\c@figure=\count87
\c@table=\count88
\bibindent=\dimen102
) (./components/info.tex) (./components/settings.tex
(/usr/share/texlive/texmf-dist/tex/latex/koma-script/scrpage2.sty
Package: scrpage2 2015/10/03 v3.19a KOMA-Script package (page head and foot)
LaTeX Info: Redefining \pagemark on input line 174.
)
(/usr/share/texlive/texmf-dist/tex/latex/base/ifthen.sty
Package: ifthen 2014/09/29 v1.1c Standard LaTeX ifthen package (DPC)
)
(/usr/share/texlive/texmf-dist/tex/latex/psnfss/palatino.sty
Package: palatino 2005/04/12 PSNFSS-v9.2a (SPQR) 
)
(/usr/share/texlive/texmf-dist/tex/latex/psnfss/pifont.sty
Package: pifont 2005/04/12 PSNFSS-v9.2a Pi font support (SPQR) 
LaTeX Font Info:    Try loading font information for U+pzd on input line 63.

(/usr/share/texlive/texmf-dist/tex/latex/psnfss/upzd.fd
File: upzd.fd 2001/06/04 font definitions for U/pzd.
)
LaTeX Font Info:    Try loading font information for U+psy on input line 64.

(/usr/share/texlive/texmf-dist/tex/latex/psnfss/upsy.fd
File: upsy.fd 2001/06/04 font definitions for U/psy.
))
(/usr/share/texlive/texmf-dist/tex/generic/thumbpdf/thumbpdf.sty
Package: thumbpdf 2014/07/15 v3.16 Inclusion of thumbnails (HO)


Package thumbpdf Warning: Compressed PDF objects of PDF 1.5 are not supported.


Package thumbpdf Warning: Thumbnail data file `main.tpt' not found.

) (/usr/share/texlive/texmf-dist/tex/latex/caption/caption.sty
Package: caption 2016/02/21 v3.3-144 Customizing captions (AR)

(/usr/share/texlive/texmf-dist/tex/latex/caption/caption3.sty
Package: caption3 2016/02/04 v1.7-139 caption3 kernel (AR)
Package caption3 Info: TeX engine: e-TeX on input line 67.
\captionmargin=\dimen103
\captionmargin@=\dimen104
\captionwidth=\dimen105
\caption@tempdima=\dimen106
\caption@indent=\dimen107
\caption@parindent=\dimen108
\caption@hangindent=\dimen109
)
Package caption Info: KOMA-Script document class.
\c@ContinuedFloat=\count89
)
(/usr/share/texlive/texmf-dist/tex/latex/caption/subcaption.sty
Package: subcaption 2016/02/20 v1.1-142 Sub-captions (AR)
\c@subfigure=\count90
\c@subtable=\count91
)
(/usr/share/texlive/texmf-dist/tex/latex/colortbl/colortbl.sty
Package: colortbl 2012/02/13 v1.0a Color table columns (DPC)

(/usr/share/texlive/texmf-dist/tex/latex/tools/array.sty
Package: array 2014/10/28 v2.4c Tabular extension package (FMi)
\col@sep=\dimen110
\extrarowheight=\dimen111
\NC@list=\toks15
\extratabsurround=\skip48
\backup@length=\skip49
)
(/usr/share/texlive/texmf-dist/tex/latex/graphics/color.sty
Package: color 2016/01/03 v1.1b Standard LaTeX Color (DPC)

(/usr/share/texlive/texmf-dist/tex/latex/latexconfig/color.cfg
File: color.cfg 2007/01/18 v1.5 color configuration of teTeX/TeXLive
)
Package color Info: Driver file: pdftex.def on input line 143.

(/usr/share/texlive/texmf-dist/tex/latex/pdftex-def/pdftex.def
File: pdftex.def 2011/05/27 v0.06d Graphics/color for pdfTeX

(/usr/share/texlive/texmf-dist/tex/generic/oberdiek/infwarerr.sty
Package: infwarerr 2010/04/08 v1.3 Providing info/warning/error messages (HO)
)
(/usr/share/texlive/texmf-dist/tex/generic/oberdiek/ltxcmds.sty
Package: ltxcmds 2011/11/09 v1.22 LaTeX kernel commands for general use (HO)
)
\Gread@gobject=\count92
))
\everycr=\toks16
\minrowclearance=\skip50
)
(./styles/tumlogo.sty)
(/usr/share/texlive/texmf-dist/tex/latex/multirow/multirow.sty
\bigstrutjot=\dimen112
)
(/usr/share/texlive/texmf-dist/tex/latex/amsmath/amsmath.sty
Package: amsmath 2016/03/03 v2.15a AMS math features
\@mathmargin=\skip51

For additional information on amsmath, use the `?' option.
(/usr/share/texlive/texmf-dist/tex/latex/amsmath/amstext.sty
Package: amstext 2000/06/29 v2.01 AMS text

(/usr/share/texlive/texmf-dist/tex/latex/amsmath/amsgen.sty
File: amsgen.sty 1999/11/30 v2.0 generic functions
\@emptytoks=\toks17
\ex@=\dimen113
))
(/usr/share/texlive/texmf-dist/tex/latex/amsmath/amsbsy.sty
Package: amsbsy 1999/11/29 v1.2d Bold Symbols
\pmbraise@=\dimen114
)
(/usr/share/texlive/texmf-dist/tex/latex/amsmath/amsopn.sty
Package: amsopn 1999/12/14 v2.01 operator names
)
\inf@bad=\count93
LaTeX Info: Redefining \frac on input line 199.
\uproot@=\count94
\leftroot@=\count95
LaTeX Info: Redefining \overline on input line 297.
\classnum@=\count96
\DOTSCASE@=\count97
LaTeX Info: Redefining \ldots on input line 394.
LaTeX Info: Redefining \dots on input line 397.
LaTeX Info: Redefining \cdots on input line 518.
\Mathstrutbox@=\box27
\strutbox@=\box28
\big@size=\dimen115
LaTeX Font Info:    Redeclaring font encoding OML on input line 630.
LaTeX Font Info:    Redeclaring font encoding OMS on input line 631.
\macc@depth=\count98
\c@MaxMatrixCols=\count99
\dotsspace@=\muskip10
\c@parentequation=\count100
\dspbrk@lvl=\count101
\tag@help=\toks18
\row@=\count102
\column@=\count103
\maxfields@=\count104
\andhelp@=\toks19
\eqnshift@=\dimen116
\alignsep@=\dimen117
\tagshift@=\dimen118
\tagwidth@=\dimen119
\totwidth@=\dimen120
\lineht@=\dimen121
\@envbody=\toks20
\multlinegap=\skip52
\multlinetaggap=\skip53
\mathdisplay@stack=\toks21
LaTeX Info: Redefining \[ on input line 2735.
LaTeX Info: Redefining \] on input line 2736.
)
(/usr/share/texlive/texmf-dist/tex/latex/amsfonts/amsfonts.sty
Package: amsfonts 2013/01/14 v3.01 Basic AMSFonts support
\symAMSa=\mathgroup4
\symAMSb=\mathgroup5
LaTeX Font Info:    Overwriting math alphabet `\mathfrak' in version `bold'
(Font)                  U/euf/m/n --> U/euf/b/n on input line 106.
)
(/usr/share/texlive/texmf-dist/tex/latex/amsfonts/amssymb.sty
Package: amssymb 2013/01/14 v3.01 AMS font symbols
)
(/usr/share/texlive/texmf-dist/tex/latex/base/textcomp.sty
Package: textcomp 2005/09/27 v1.99g Standard LaTeX package
Package textcomp Info: Sub-encoding information:
(textcomp)               5 = only ISO-Adobe without \textcurrency
(textcomp)               4 = 5 + \texteuro
(textcomp)               3 = 4 + \textohm
(textcomp)               2 = 3 + \textestimated + \textcurrency
(textcomp)               1 = TS1 - \textcircled - \t
(textcomp)               0 = TS1 (full)
(textcomp)             Font families with sub-encoding setting implement
(textcomp)             only a restricted character set as indicated.
(textcomp)             Family '?' is the default used for unknown fonts.
(textcomp)             See the documentation for details.
Package textcomp Info: Setting ? sub-encoding to TS1/1 on input line 79.

(/usr/share/texlive/texmf-dist/tex/latex/base/ts1enc.def
File: ts1enc.def 2001/06/05 v3.0e (jk/car/fm) Standard LaTeX file
)
LaTeX Info: Redefining \oldstylenums on input line 334.
Package textcomp Info: Setting cmr sub-encoding to TS1/0 on input line 349.
Package textcomp Info: Setting cmss sub-encoding to TS1/0 on input line 350.
Package textcomp Info: Setting cmtt sub-encoding to TS1/0 on input line 351.
Package textcomp Info: Setting cmvtt sub-encoding to TS1/0 on input line 352.
Package textcomp Info: Setting cmbr sub-encoding to TS1/0 on input line 353.
Package textcomp Info: Setting cmtl sub-encoding to TS1/0 on input line 354.
Package textcomp Info: Setting ccr sub-encoding to TS1/0 on input line 355.
Package textcomp Info: Setting ptm sub-encoding to TS1/4 on input line 356.
Package textcomp Info: Setting pcr sub-encoding to TS1/4 on input line 357.
Package textcomp Info: Setting phv sub-encoding to TS1/4 on input line 358.
Package textcomp Info: Setting ppl sub-encoding to TS1/3 on input line 359.
Package textcomp Info: Setting pag sub-encoding to TS1/4 on input line 360.
Package textcomp Info: Setting pbk sub-encoding to TS1/4 on input line 361.
Package textcomp Info: Setting pnc sub-encoding to TS1/4 on input line 362.
Package textcomp Info: Setting pzc sub-encoding to TS1/4 on input line 363.
Package textcomp Info: Setting bch sub-encoding to TS1/4 on input line 364.
Package textcomp Info: Setting put sub-encoding to TS1/5 on input line 365.
Package textcomp Info: Setting uag sub-encoding to TS1/5 on input line 366.
Package textcomp Info: Setting ugq sub-encoding to TS1/5 on input line 367.
Package textcomp Info: Setting ul8 sub-encoding to TS1/4 on input line 368.
Package textcomp Info: Setting ul9 sub-encoding to TS1/4 on input line 369.
Package textcomp Info: Setting augie sub-encoding to TS1/5 on input line 370.
Package textcomp Info: Setting dayrom sub-encoding to TS1/3 on input line 371.
Package textcomp Info: Setting dayroms sub-encoding to TS1/3 on input line 372.

Package textcomp Info: Setting pxr sub-encoding to TS1/0 on input line 373.
Package textcomp Info: Setting pxss sub-encoding to TS1/0 on input line 374.
Package textcomp Info: Setting pxtt sub-encoding to TS1/0 on input line 375.
Package textcomp Info: Setting txr sub-encoding to TS1/0 on input line 376.
Package textcomp Info: Setting txss sub-encoding to TS1/0 on input line 377.
Package textcomp Info: Setting txtt sub-encoding to TS1/0 on input line 378.
Package textcomp Info: Setting lmr sub-encoding to TS1/0 on input line 379.
Package textcomp Info: Setting lmdh sub-encoding to TS1/0 on input line 380.
Package textcomp Info: Setting lmss sub-encoding to TS1/0 on input line 381.
Package textcomp Info: Setting lmssq sub-encoding to TS1/0 on input line 382.
Package textcomp Info: Setting lmvtt sub-encoding to TS1/0 on input line 383.
Package textcomp Info: Setting lmtt sub-encoding to TS1/0 on input line 384.
Package textcomp Info: Setting qhv sub-encoding to TS1/0 on input line 385.
Package textcomp Info: Setting qag sub-encoding to TS1/0 on input line 386.
Package textcomp Info: Setting qbk sub-encoding to TS1/0 on input line 387.
Package textcomp Info: Setting qcr sub-encoding to TS1/0 on input line 388.
Package textcomp Info: Setting qcs sub-encoding to TS1/0 on input line 389.
Package textcomp Info: Setting qpl sub-encoding to TS1/0 on input line 390.
Package textcomp Info: Setting qtm sub-encoding to TS1/0 on input line 391.
Package textcomp Info: Setting qzc sub-encoding to TS1/0 on input line 392.
Package textcomp Info: Setting qhvc sub-encoding to TS1/0 on input line 393.
Package textcomp Info: Setting futs sub-encoding to TS1/4 on input line 394.
Package textcomp Info: Setting futx sub-encoding to TS1/4 on input line 395.
Package textcomp Info: Setting futj sub-encoding to TS1/4 on input line 396.
Package textcomp Info: Setting hlh sub-encoding to TS1/3 on input line 397.
Package textcomp Info: Setting hls sub-encoding to TS1/3 on input line 398.
Package textcomp Info: Setting hlst sub-encoding to TS1/3 on input line 399.
Package textcomp Info: Setting hlct sub-encoding to TS1/5 on input line 400.
Package textcomp Info: Setting hlx sub-encoding to TS1/5 on input line 401.
Package textcomp Info: Setting hlce sub-encoding to TS1/5 on input line 402.
Package textcomp Info: Setting hlcn sub-encoding to TS1/5 on input line 403.
Package textcomp Info: Setting hlcw sub-encoding to TS1/5 on input line 404.
Package textcomp Info: Setting hlcf sub-encoding to TS1/5 on input line 405.
Package textcomp Info: Setting pplx sub-encoding to TS1/3 on input line 406.
Package textcomp Info: Setting pplj sub-encoding to TS1/3 on input line 407.
Package textcomp Info: Setting ptmx sub-encoding to TS1/4 on input line 408.
Package textcomp Info: Setting ptmj sub-encoding to TS1/4 on input line 409.
)
(/usr/share/texlive/texmf-dist/tex/latex/yhmath/yhmath.sty
Package: yhmath 
LaTeX Font Info:    Redeclaring symbol font `largesymbols' on input line 12.
LaTeX Font Info:    Overwriting symbol font `largesymbols' in version `normal'
(Font)                  OMX/cmex/m/n --> OMX/yhex/m/n on input line 12.
LaTeX Font Info:    Overwriting symbol font `largesymbols' in version `bold'
(Font)                  OMX/cmex/m/n --> OMX/yhex/m/n on input line 12.
LaTeX Font Info:    Redeclaring math accent \widetilde on input line 13.
LaTeX Font Info:    Redeclaring math accent \widehat on input line 14.
)
(/usr/share/texlive/texmf-dist/tex/latex/base/makeidx.sty
Package: makeidx 2014/09/29 v1.0m Standard LaTeX package
)
(/usr/share/texlive/texmf-dist/tex/latex/float/float.sty
Package: float 2001/11/08 v1.3d Float enhancements (AL)
\c@float@type=\count105
\float@exts=\toks22
\float@box=\box29
\@float@everytoks=\toks23
\@floatcapt=\box30
)
(/usr/share/texlive/texmf-dist/tex/generic/babel/babel.sty
Package: babel 2016/02/24 3.9q The Babel package

(/usr/share/texlive/texmf-dist/tex/generic/babel-german/german.ldf
Language: german 2014/10/10 v2.7b German support for babel (traditional orthogr
aphy)

(/usr/share/texlive/texmf-dist/tex/generic/babel-german/germanb.ldf
Language: germanb 2014/10/10 v2.7b German support for babel (traditional orthog
raphy)

(/usr/share/texlive/texmf-dist/tex/generic/babel/babel.def
File: babel.def 2016/02/24 3.9q Babel common definitions
\babel@savecnt=\count106
\U@D=\dimen122
)
\l@austrian = a dialect from \language\l@german 
Package babel Info: Making " an active character on input line 110.
))
(/usr/share/texlive/texmf-dist/tex/generic/babel-english/english.ldf
Language: english 2012/08/20 v3.3p English support from the babel system
\l@canadian = a dialect from \language\l@american 
\l@australian = a dialect from \language\l@british 
\l@newzealand = a dialect from \language\l@british 
))
(/usr/share/texlive/texmf-dist/tex/latex/base/inputenc.sty
Package: inputenc 2015/03/17 v1.2c Input encoding file
\inpenc@prehook=\toks24
\inpenc@posthook=\toks25

(/usr/share/texlive/texmf-dist/tex/latex/base/latin1.def
File: latin1.def 2015/03/17 v1.2c Input encoding file
))
(./styles/shortoverview.sty

LaTeX Warning: You have requested package `styles/shortoverview',
               but the package provides `shortoverview'.

Package: shortoverview 
) (/usr/share/texlive/texmf-dist/tex/latex/graphics/graphicx.sty
Package: graphicx 2014/10/28 v1.0g Enhanced LaTeX Graphics (DPC,SPQR)

(/usr/share/texlive/texmf-dist/tex/latex/graphics/graphics.sty
Package: graphics 2016/01/03 v1.0q Standard LaTeX Graphics (DPC,SPQR)

(/usr/share/texlive/texmf-dist/tex/latex/graphics/trig.sty
Package: trig 2016/01/03 v1.10 sin cos tan (DPC)
)
(/usr/share/texlive/texmf-dist/tex/latex/latexconfig/graphics.cfg
File: graphics.cfg 2010/04/23 v1.9 graphics configuration of TeX Live
)
Package graphics Info: Driver file: pdftex.def on input line 95.
)
\Gin@req@height=\dimen123
\Gin@req@width=\dimen124
)
(/usr/share/texlive/texmf-dist/tex/latex/rotating/rotating.sty
Package: rotating 2009/03/28 v2.16a rotated objects in LaTeX
\c@r@tfl@t=\count107
\rotFPtop=\skip54
\rotFPbot=\skip55
\rot@float@box=\box31
\rot@mess@toks=\toks26
)
(/usr/share/texlive/texmf-dist/tex/latex/hyperref/hyperref.sty
Package: hyperref 2012/11/06 v6.83m Hypertext links for LaTeX

(/usr/share/texlive/texmf-dist/tex/generic/oberdiek/hobsub-hyperref.sty
Package: hobsub-hyperref 2012/05/28 v1.13 Bundle oberdiek, subset hyperref (HO)


(/usr/share/texlive/texmf-dist/tex/generic/oberdiek/hobsub-generic.sty
Package: hobsub-generic 2012/05/28 v1.13 Bundle oberdiek, subset generic (HO)
Package: hobsub 2012/05/28 v1.13 Construct package bundles (HO)
Package hobsub Info: Skipping package `infwarerr' (already loaded).
Package hobsub Info: Skipping package `ltxcmds' (already loaded).
Package: ifluatex 2010/03/01 v1.3 Provides the ifluatex switch (HO)
Package ifluatex Info: LuaTeX not detected.
Package: ifvtex 2010/03/01 v1.5 Detect VTeX and its facilities (HO)
Package ifvtex Info: VTeX not detected.
Package: intcalc 2007/09/27 v1.1 Expandable calculations with integers (HO)
Package: ifpdf 2011/01/30 v2.3 Provides the ifpdf switch (HO)
Package ifpdf Info: pdfTeX in PDF mode is detected.
Package: etexcmds 2011/02/16 v1.5 Avoid name clashes with e-TeX commands (HO)
Package etexcmds Info: Could not find \expanded.
(etexcmds)             That can mean that you are not using pdfTeX 1.50 or
(etexcmds)             that some package has redefined \expanded.
(etexcmds)             In the latter case, load this package earlier.
Package: kvsetkeys 2012/04/25 v1.16 Key value parser (HO)
Package: kvdefinekeys 2011/04/07 v1.3 Define keys (HO)
Package: pdftexcmds 2011/11/29 v0.20 Utility functions of pdfTeX for LuaTeX (HO
)
Package pdftexcmds Info: LuaTeX not detected.
Package pdftexcmds Info: \pdf@primitive is available.
Package pdftexcmds Info: \pdf@ifprimitive is available.
Package pdftexcmds Info: \pdfdraftmode found.
Package: pdfescape 2011/11/25 v1.13 Implements pdfTeX's escape features (HO)
Package: bigintcalc 2012/04/08 v1.3 Expandable calculations on big integers (HO
)
Package: bitset 2011/01/30 v1.1 Handle bit-vector datatype (HO)
Package: uniquecounter 2011/01/30 v1.2 Provide unlimited unique counter (HO)
)
Package hobsub Info: Skipping package `hobsub' (already loaded).
Package: letltxmacro 2010/09/02 v1.4 Let assignment for LaTeX macros (HO)
Package: hopatch 2012/05/28 v1.2 Wrapper for package hooks (HO)
Package: xcolor-patch 2011/01/30 xcolor patch
Package: atveryend 2011/06/30 v1.8 Hooks at the very end of document (HO)
Package atveryend Info: \enddocument detected (standard20110627).
Package: atbegshi 2011/10/05 v1.16 At begin shipout hook (HO)
Package: refcount 2011/10/16 v3.4 Data extraction from label references (HO)
Package: hycolor 2011/01/30 v1.7 Color options for hyperref/bookmark (HO)
)
(/usr/share/texlive/texmf-dist/tex/generic/ifxetex/ifxetex.sty
Package: ifxetex 2010/09/12 v0.6 Provides ifxetex conditional
)
(/usr/share/texlive/texmf-dist/tex/latex/oberdiek/auxhook.sty
Package: auxhook 2011/03/04 v1.3 Hooks for auxiliary files (HO)
)
(/usr/share/texlive/texmf-dist/tex/latex/oberdiek/kvoptions.sty
Package: kvoptions 2011/06/30 v3.11 Key value format for package options (HO)
)
\@linkdim=\dimen125
\Hy@linkcounter=\count108
\Hy@pagecounter=\count109

(/usr/share/texlive/texmf-dist/tex/latex/hyperref/pd1enc.def
File: pd1enc.def 2012/11/06 v6.83m Hyperref: PDFDocEncoding definition (HO)
)
\Hy@SavedSpaceFactor=\count110

(/usr/share/texlive/texmf-dist/tex/latex/latexconfig/hyperref.cfg
File: hyperref.cfg 2002/06/06 v1.2 hyperref configuration of TeXLive
)
Package hyperref Info: Option `colorlinks' set `true' on input line 4319.
Package hyperref Info: Option `bookmarks' set `true' on input line 4319.
Package hyperref Info: Option `bookmarksopen' set `true' on input line 4319.


Package hyperref Warning: Unexpected value `falsebookmarksnumbered'
(hyperref)                of option `plainpages' instead of
(hyperref)                `true' or 'false' on input line 4319.

Package hyperref Info: Option `hyperindex' set `false' on input line 4319.
Package hyperref Info: Hyper figures OFF on input line 4443.
Package hyperref Info: Link nesting OFF on input line 4448.
Package hyperref Info: Hyper index OFF on input line 4453.
Package hyperref Info: Plain pages OFF on input line 4458.
Package hyperref Info: Backreferencing OFF on input line 4463.
Package hyperref Info: Implicit mode ON; LaTeX internals redefined.
Package hyperref Info: Bookmarks ON on input line 4688.
\c@Hy@tempcnt=\count111
(/usr/share/texlive/texmf-dist/tex/latex/url/url.sty
\Urlmuskip=\muskip11
Package: url 2013/09/16  ver 3.4  Verb mode for urls, etc.
)
LaTeX Info: Redefining \url on input line 5041.
\XeTeXLinkMargin=\dimen126
\Fld@menulength=\count112
\Field@Width=\dimen127
\Fld@charsize=\dimen128
Package hyperref Info: Hyper figures OFF on input line 6295.
Package hyperref Info: Link nesting OFF on input line 6300.
Package hyperref Info: Hyper index OFF on input line 6305.
Package hyperref Info: backreferencing OFF on input line 6310.
Package hyperref Info: Link coloring ON on input line 6313.
Package hyperref Info: Link coloring with OCG OFF on input line 6320.
Package hyperref Info: PDF/A mode OFF on input line 6325.
LaTeX Info: Redefining \ref on input line 6365.
LaTeX Info: Redefining \pageref on input line 6369.
\Hy@abspage=\count113
\c@Item=\count114
\c@Hfootnote=\count115
)

Package hyperref Message: Driver: hpdftex.

(/usr/share/texlive/texmf-dist/tex/latex/hyperref/hpdftex.def
File: hpdftex.def 2012/11/06 v6.83m Hyperref driver for pdfTeX
\Fld@listcount=\count116
\c@bookmark@seq@number=\count117

(/usr/share/texlive/texmf-dist/tex/latex/oberdiek/rerunfilecheck.sty
Package: rerunfilecheck 2011/04/15 v1.7 Rerun checks for auxiliary files (HO)
Package uniquecounter Info: New unique counter `rerunfilecheck' on input line 2
82.
)
\Hy@SectionHShift=\skip56
))
(./components/commands.tex
\c@theorem=\count118
)
\@glossaryfile=\write3
\openout3 = `main.glo'.


Writing glossary file main.glo 
(./main.aux

LaTeX Warning: Label `fig:throughput' multiply defined.

)
\openout1 = `main.aux'.

LaTeX Font Info:    Checking defaults for OML/cmm/m/it on input line 46.
LaTeX Font Info:    ... okay on input line 46.
LaTeX Font Info:    Checking defaults for T1/cmr/m/n on input line 46.
LaTeX Font Info:    ... okay on input line 46.
LaTeX Font Info:    Checking defaults for OT1/cmr/m/n on input line 46.
LaTeX Font Info:    ... okay on input line 46.
LaTeX Font Info:    Checking defaults for OMS/cmsy/m/n on input line 46.
LaTeX Font Info:    ... okay on input line 46.
LaTeX Font Info:    Checking defaults for OMX/cmex/m/n on input line 46.
LaTeX Font Info:    ... okay on input line 46.
LaTeX Font Info:    Checking defaults for U/cmr/m/n on input line 46.
LaTeX Font Info:    ... okay on input line 46.
LaTeX Font Info:    Checking defaults for TS1/cmr/m/n on input line 46.
LaTeX Font Info:    Try loading font information for TS1+cmr on input line 46.
 (/usr/share/texlive/texmf-dist/tex/latex/base/ts1cmr.fd
File: ts1cmr.fd 2014/09/29 v2.5h Standard LaTeX font definitions
)
LaTeX Font Info:    ... okay on input line 46.
LaTeX Font Info:    Checking defaults for PD1/pdf/m/n on input line 46.
LaTeX Font Info:    ... okay on input line 46.
LaTeX Font Info:    Try loading font information for OT1+ppl on input line 46.

(/usr/share/texlive/texmf-dist/tex/latex/psnfss/ot1ppl.fd
File: ot1ppl.fd 2001/06/04 font definitions for OT1/ppl.
)
Package caption Info: Begin \AtBeginDocument code.
Package caption Info: float package is loaded.
Package caption Info: hyperref package is loaded.
Package caption Info: rotating package is loaded.
Package caption Info: End \AtBeginDocument code.

(/usr/share/texlive/texmf-dist/tex/context/base/supp-pdf.mkii
[Loading MPS to PDF converter (version 2006.09.02).]
\scratchcounter=\count119
\scratchdimen=\dimen129
\scratchbox=\box32
\nofMPsegments=\count120
\nofMParguments=\count121
\everyMPshowfont=\toks27
\MPscratchCnt=\count122
\MPscratchDim=\dimen130
\MPnumerator=\count123
\makeMPintoPDFobject=\count124
\everyMPtoPDFconversion=\toks28
) (/usr/share/texlive/texmf-dist/tex/latex/oberdiek/epstopdf-base.sty
Package: epstopdf-base 2010/02/09 v2.5 Base part for package epstopdf

(/usr/share/texlive/texmf-dist/tex/latex/oberdiek/grfext.sty
Package: grfext 2010/08/19 v1.1 Manage graphics extensions (HO)
)
Package grfext Info: Graphics extension search list:
(grfext)             [.jpg,.JPG,.png,.pdf,.eps]
(grfext)             \AppendGraphicsExtensions on input line 452.

(/usr/share/texlive/texmf-dist/tex/latex/latexconfig/epstopdf-sys.cfg
File: epstopdf-sys.cfg 2010/07/13 v1.3 Configuration of (r)epstopdf for TeX Liv
e
))
\AtBeginShipoutBox=\box33
Package hyperref Info: Link coloring ON on input line 46.

(/usr/share/texlive/texmf-dist/tex/latex/hyperref/nameref.sty
Package: nameref 2012/10/27 v2.43 Cross-referencing by name of section

(/usr/share/texlive/texmf-dist/tex/generic/oberdiek/gettitlestring.sty
Package: gettitlestring 2010/12/03 v1.4 Cleanup title references (HO)
)
\c@section@level=\count125
)
LaTeX Info: Redefining \ref on input line 46.
LaTeX Info: Redefining \pageref on input line 46.
LaTeX Info: Redefining \nameref on input line 46.

(./main.out) (./main.out)
\@outlinefile=\write4
\openout4 = `main.out'.

 (./components/cover.tex

Class scrbook Warning: Usage of deprecated font command `\bf'!
(scrbook)              You should note, that in 1994 font command `\bf' has
(scrbook)              been defined for compatiblitiy to Script 2.0 only.
(scrbook)              Now, after two decades of LaTeX2e and NFSS2, you
(scrbook)              shouldn't use such commands any longer and within
(scrbook)              KOMA-Script usage of `\bf' is definitely deprecated.
(scrbook)              See `fntguide.pdf' for more information about
(scrbook)              recommended font commands.
(scrbook)              Note also, that KOMA-Script will remove the definition
(scrbook)              of `\bf' anytime until release of about version 3.20.
(scrbook)              But for now, KOMA-Script will replace deprecated `\bf'
(scrbook)              by `\normalfont \bfseries ' on input line 43.

LaTeX Font Info:    Font shape `OT1/ppl/bx/n' in size <20.74> not available
(Font)              Font shape `OT1/ppl/b/n' tried instead on input line 43.
<styles/informat.png, id=391, 355.3275pt x 355.3275pt>
File: styles/informat.png Graphic file (type png)

<use styles/informat.png>
Package pdftex.def Info: styles/informat.png used on input line 55.
(pdftex.def)             Requested size: 113.81102pt x 113.81012pt.
) [1




{/var/lib/texmf/fonts/map/pdftex/updmap/pdftex.map} <./styles/informat.png>] [2

] (./components/titlepage.tex
LaTeX Font Info:    Try loading font information for OMX+yhex on input line 46.


(/usr/share/texlive/texmf-dist/tex/latex/yhmath/OMXyhex.fd
File: OMXyhex.fd 
File: OMXyhex.fd 2013/07/03 v1.1 YH's humble contribution to TeX maths (NP)
)
LaTeX Font Info:    External font `yhcmex10' loaded for size
(Font)              <10.95> on input line 46.
LaTeX Font Info:    External font `yhcmex10' loaded for size
(Font)              <8> on input line 46.
LaTeX Font Info:    External font `yhcmex10' loaded for size
(Font)              <6> on input line 46.
LaTeX Font Info:    Try loading font information for U+msa on input line 46.

(/usr/share/texlive/texmf-dist/tex/latex/amsfonts/umsa.fd
File: umsa.fd 2013/01/14 v3.01 AMS symbols A
)
LaTeX Font Info:    Try loading font information for U+msb on input line 46.

(/usr/share/texlive/texmf-dist/tex/latex/amsfonts/umsb.fd
File: umsb.fd 2013/01/14 v3.01 AMS symbols B
)
File: styles/informat.png Graphic file (type png)

<use styles/informat.png>
Package pdftex.def Info: styles/informat.png used on input line 57.
(pdftex.def)             Requested size: 113.81102pt x 113.81012pt.
) (./components/disclaimer.tex [3] [4

]
Underfull \hbox (badness 10000) in paragraph at lines 7--15

 []


Underfull \hbox (badness 10000) in paragraph at lines 7--15

 []

[5]) (./components/acknowledgements.tex [6

]

Class scrbook Warning: Usage of deprecated font command `\bf'!
(scrbook)              You should note, that in 1994 font command `\bf' has
(scrbook)              been defined for compatiblitiy to Script 2.0 only.
(scrbook)              Now, after two decades of LaTeX2e and NFSS2, you
(scrbook)              shouldn't use such commands any longer and within
(scrbook)              KOMA-Script usage of `\bf' is definitely deprecated.
(scrbook)              See `fntguide.pdf' for more information about
(scrbook)              recommended font commands.
(scrbook)              Note also, that KOMA-Script will remove the definition
(scrbook)              of `\bf' anytime until release of about version 3.20.
(scrbook)              But for now, KOMA-Script will replace deprecated `\bf'
(scrbook)              by `\normalfont \bfseries ' on input line 11.

LaTeX Font Info:    Font shape `OT1/ppl/bx/n' in size <14.4> not available
(Font)              Font shape `OT1/ppl/b/n' tried instead on input line 11.

Underfull \hbox (badness 10000) in paragraph at lines 16--18

 []


Underfull \hbox (badness 10000) in paragraph at lines 19--21

 []

) (./components/abstract.tex [7] [8

]

Class scrbook Warning: Usage of deprecated font command `\bf'!
(scrbook)              You should note, that in 1994 font command `\bf' has
(scrbook)              been defined for compatiblitiy to Script 2.0 only.
(scrbook)              Now, after two decades of LaTeX2e and NFSS2, you
(scrbook)              shouldn't use such commands any longer and within
(scrbook)              KOMA-Script usage of `\bf' is definitely deprecated.
(scrbook)              See `fntguide.pdf' for more information about
(scrbook)              recommended font commands.
(scrbook)              Note also, that KOMA-Script will remove the definition
(scrbook)              of `\bf' anytime until release of about version 3.20.
(scrbook)              But for now, KOMA-Script will replace deprecated `\bf'
(scrbook)              by `\normalfont \bfseries ' on input line 15.

)
Overfull \hbox (0.64029pt too wide) in paragraph at lines 19--68
[]\OT1/ppl/m/n/10.95 In to-day's world where bil-lions of peo-ple ex-change in-
for-ma-tion on-line, ser-vice providers
 []

[9] [10

]
LaTeX Font Info:    Font shape `OT1/ppl/bx/n' in size <10.95> not available
(Font)              Font shape `OT1/ppl/b/n' tried instead on input line 69.
 (./main.toc [11]
Overfull \hbox (2.18993pt too wide) detected at line 70
\OT1/ppl/m/n/10.95 10.10. 
 []


Overfull \hbox (2.18993pt too wide) detected at line 71
\OT1/ppl/m/n/10.95 10.11. 
 []

[12]
Overfull \hbox (2.18993pt too wide) detected at line 72
\OT1/ppl/m/n/10.95 10.12. 
 []

LaTeX Font Info:    Font shape `OT1/ppl/bx/n' in size <12> not available
(Font)              Font shape `OT1/ppl/b/n' tried instead on input line 75.
)
\tf@toc=\write5
\openout5 = `main.toc'.

 [13] [14


]
chapter 1.

Class scrbook Warning: \float@addtolists detected!
(scrbook)              Implementation of \float@addtolist became
(scrbook)              deprecated in KOMA-Script v3.01 2008/11/14 and
(scrbook)              has been replaced by several more flexible
(scrbook)              features of package `tocbasic`.
(scrbook)              Since Version 3.12 support for deprecated
(scrbook)              \float@addtolist interface has been
(scrbook)              restricted to only some of the KOMA-Script
(scrbook)              features and been removed from others.
(scrbook)              Loading of package `scrhack' may help to
(scrbook)              avoid this warning, if you are using a
(scrbook)              a package that still implements the
(scrbook)              deprecated \float@addtolist interface .


Overfull \hbox (3.19176pt too wide) in paragraph at lines 82--83
\OT1/ppl/m/n/10.95 At VLDB 2013 Face-books Vice Pres-i-dent of In-fras-truc-tur
e En-gi-neer-ing Jay Parikh stated[[]],
 []


Underfull \hbox (badness 10000) in paragraph at lines 84--85

 []

[1

] [2]
chapter 2.
[3

]
Underfull \vbox (badness 4254) has occurred while \output is active []

 [4]
Overfull \hbox (1.04628pt too wide) in paragraph at lines 128--129
\OT1/ppl/m/n/10.95 Large Scale Dis-tributed Databases, as in-tro-duced in Chap-
ter [][]1[][], are a prod-uct of the progress
 []

[5] [6] [7] [8] [9] [10

]
chapter 3.
[11]
Underfull \vbox (badness 10000) has occurred while \output is active []

 [12]
[13] [14]
chapter 4.
[15

] [16]
chapter 5.
<figures/SystemOverview2.pdf, id=728, 455.30101pt x 313.04956pt>
File: figures/SystemOverview2.pdf Graphic file (type pdf)

<use figures/SystemOverview2.pdf>
Package pdftex.def Info: figures/SystemOverview2.pdf used on input line 235.
(pdftex.def)             Requested size: 433.35742pt x 297.97337pt.
 [17

 <./figures/SystemOverview2.pdf>]
Overfull \hbox (1.4437pt too wide) in paragraph at lines 249--251
\OT1/ppl/m/n/10.95 e.g a sum view is de-fined as $\OML/cmm/m/it/10.95 basetable
\OT1/cmr/m/n/10.95 (\OML/cmm/m/it/10.95 viewtable$ $sum;$ $aggregationKey;$ $ag
gregationValue\OT1/cmr/m/n/10.95 )$\OT1/ppl/m/n/10.95 .
 []


Underfull \hbox (badness 10000) in paragraph at lines 249--251

 []


Underfull \hbox (badness 10000) in paragraph at lines 255--256

 []


Underfull \vbox (badness 10000) has occurred while \output is active []

 [18]
Underfull \hbox (badness 10000) in paragraph at lines 266--267

 []

[19] <figures/RegionServer.pdf, id=755, 455.30101pt x 483.72722pt>
File: figures/RegionServer.pdf Graphic file (type pdf)

<use figures/RegionServer.pdf>
Package pdftex.def Info: figures/RegionServer.pdf used on input line 275.
(pdftex.def)             Requested size: 433.35742pt x 460.43135pt.
 [20 <./figures/RegionServer.pdf>]
Underfull \hbox (badness 10000) in paragraph at lines 290--291

 []

[21]
Underfull \hbox (badness 10000) in paragraph at lines 305--306

 []


Underfull \hbox (badness 10000) in paragraph at lines 307--309

 []

[22]
Underfull \hbox (badness 10000) in paragraph at lines 310--312

 []


Underfull \hbox (badness 10000) in paragraph at lines 313--315

 []


Underfull \hbox (badness 10000) in paragraph at lines 316--318

 []

[23]
Underfull \hbox (badness 10000) in paragraph at lines 319--321

 []

[24] [25] [26

]
chapter 6.

Underfull \hbox (badness 10000) in paragraph at lines 345--351

 []


Underfull \hbox (badness 10000) in paragraph at lines 345--351

 []


Underfull \hbox (badness 10000) in paragraph at lines 345--351

 []


Underfull \vbox (badness 7397) has occurred while \output is active []

 [27]
Underfull \hbox (badness 10000) in paragraph at lines 354--355

 []


Underfull \hbox (badness 10000) in paragraph at lines 359--360

 []

[28]
LaTeX Font Info:    Try loading font information for OT1+pcr on input line 363.

 (/usr/share/texlive/texmf-dist/tex/latex/psnfss/ot1pcr.fd
File: ot1pcr.fd 2001/06/04 font definitions for OT1/pcr.
)
<figures/HBaseRow.pdf, id=823, 398.32814pt x 313.04956pt>
File: figures/HBaseRow.pdf Graphic file (type pdf)

<use figures/HBaseRow.pdf>
Package pdftex.def Info: figures/HBaseRow.pdf used on input line 375.
(pdftex.def)             Requested size: 433.35742pt x 340.59149pt.


LaTeX Warning: `!h' float specifier changed to `!ht'.


Underfull \hbox (badness 10000) in paragraph at lines 381--383

 []


Underfull \vbox (badness 2781) has occurred while \output is active []

 [29]
[30 <./figures/HBaseRow.pdf>]
Underfull \hbox (badness 10000) in paragraph at lines 398--399

 []

LaTeX Font Info:    Try loading font information for TS1+ppl on input line 403.

(/usr/share/texlive/texmf-dist/tex/latex/psnfss/ts1ppl.fd
File: ts1ppl.fd 2001/06/04 font definitions for TS1/ppl.
)
<figures/ConsistentHashing.pdf, id=851, 398.32814pt x 313.04956pt>
File: figures/ConsistentHashing.pdf Graphic file (type pdf)

<use figures/ConsistentHashing.pdf>
Package pdftex.def Info: figures/ConsistentHashing.pdf used on input line 412.
(pdftex.def)             Requested size: 433.35742pt x 340.59149pt.


LaTeX Warning: `!h' float specifier changed to `!ht'.


Underfull \hbox (badness 10000) in paragraph at lines 417--418

 []

[31]
Underfull \vbox (badness 10000) has occurred while \output is active []

 [32 <./figures/ConsistentHashing.pdf>]
Underfull \hbox (badness 10000) in paragraph at lines 420--421

 []


Underfull \hbox (badness 10000) in paragraph at lines 429--431

 []


Underfull \hbox (badness 10000) in paragraph at lines 434--435

 []

[33]
Underfull \hbox (badness 10000) in paragraph at lines 436--438

 []

[34]
chapter 7.

Underfull \hbox (badness 10000) in paragraph at lines 445--446

 []


Underfull \hbox (badness 10000) in paragraph at lines 450--451

 []


Underfull \hbox (badness 10000) in paragraph at lines 452--454

 []


Underfull \hbox (badness 10000) in paragraph at lines 456--457

 []

[35

]
Underfull \hbox (badness 10000) in paragraph at lines 467--468

 []

<figures/LoadBalancing.pdf, id=897, 455.30101pt x 483.72722pt>
File: figures/LoadBalancing.pdf Graphic file (type pdf)

<use figures/LoadBalancing.pdf>
Package pdftex.def Info: figures/LoadBalancing.pdf used on input line 473.
(pdftex.def)             Requested size: 433.35742pt x 460.43135pt.


LaTeX Warning: `!h' float specifier changed to `!ht'.

[36] [37 <./figures/LoadBalancing.pdf>]
Underfull \hbox (badness 10000) in paragraph at lines 484--486

 []


Underfull \hbox (badness 10000) in paragraph at lines 488--490

 []

[38]
Underfull \hbox (badness 10000) in paragraph at lines 507--509

 []


Underfull \hbox (badness 10000) in paragraph at lines 510--512

 []


Underfull \hbox (badness 10000) in paragraph at lines 513--516

 []

[39] [40]
chapter 8.

Underfull \hbox (badness 10000) in paragraph at lines 529--530

 []


Underfull \hbox (badness 10000) in paragraph at lines 531--533

 []


Underfull \hbox (badness 10000) in paragraph at lines 536--538

 []

<figures/SO_ViewManagerCrash.pdf, id=940, 512.27383pt x 512.27383pt>
File: figures/SO_ViewManagerCrash.pdf Graphic file (type pdf)

<use figures/SO_ViewManagerCrash.pdf>
Package pdftex.def Info: figures/SO_ViewManagerCrash.pdf used on input line 542
.
(pdftex.def)             Requested size: 433.35742pt x 433.3712pt.


LaTeX Warning: `!h' float specifier changed to `!ht'.

[41

]
Underfull \vbox (badness 10000) has occurred while \output is active []

 [42 <./figures/SO_ViewManagerCrash.pdf>] [43] [44

]
chapter 9.
<figures/ImplementationOverview.pdf, id=984, 967.45442pt x 711.37767pt>
File: figures/ImplementationOverview.pdf Graphic file (type pdf)

<use figures/ImplementationOverview.pdf>
Package pdftex.def Info: figures/ImplementationOverview.pdf used on input line 
574.
(pdftex.def)             Requested size: 433.35742pt x 318.6516pt.


LaTeX Warning: `!h' float specifier changed to `!ht'.

[45] [46 <./figures/ImplementationOverview.pdf>]
Overfull \hbox (6.28294pt too wide) in paragraph at lines 590--591
\OT1/ppl/m/n/10.95 tire sys-tem. The sys-tem ID again, cor-re-sponds to a cer-t
ain for-mat: $\OML/cmm/m/it/10.95 < name\OT1/cmr/m/n/10.95 ; \OML/cmm/m/it/10.9
5 ip\OT1/cmr/m/n/10.95 ; \OML/cmm/m/it/10.95 messagePort\OT1/cmr/m/n/10.95 ;$
 []


Overfull \hbox (4.47873pt too wide) in paragraph at lines 590--591
\OML/cmm/m/it/10.95 updatePort >$\OT1/ppl/m/n/10.95 . For ex-am-ple, the sys-te
m ID of a View Man-ager could be $\OML/cmm/m/it/10.95 < vm\OT1/cmr/m/n/10.95 1;
 192\OML/cmm/m/it/10.95 :\OT1/cmr/m/n/10.95 168\OML/cmm/m/it/10.95 :\OT1/cmr/m/
n/10.95 0\OML/cmm/m/it/10.95 :\OT1/cmr/m/n/10.95 20;$
 []

[47]

LaTeX Warning: `!h' float specifier changed to `!ht'.

<figures/Zookeeper.pdf, id=1009, 569.12625pt x 341.47577pt>
File: figures/Zookeeper.pdf Graphic file (type pdf)

<use figures/Zookeeper.pdf>
Package pdftex.def Info: figures/Zookeeper.pdf used on input line 643.
(pdftex.def)             Requested size: 433.35742pt x 260.02448pt.


LaTeX Warning: `!h' float specifier changed to `!ht'.

[48] [49 <./figures/Zookeeper.pdf>]
Underfull \hbox (badness 10000) in paragraph at lines 658--659

 []

[50] <figures/HDFS.pdf, id=1056, 569.12625pt x 398.32814pt>
File: figures/HDFS.pdf Graphic file (type pdf)

<use figures/HDFS.pdf>
Package pdftex.def Info: figures/HDFS.pdf used on input line 663.
(pdftex.def)             Requested size: 433.35742pt x 303.31601pt.
 [51 <./figures/HDFS.pdf>]
<figures/BaseTableUpdateObject.pdf, id=1071, 625.97867pt x 170.79811pt>
File: figures/BaseTableUpdateObject.pdf Graphic file (type pdf)

<use figures/BaseTableUpdateObject.pdf>
Package pdftex.def Info: figures/BaseTableUpdateObject.pdf used on input line 6
81.
(pdftex.def)             Requested size: 433.35742pt x 118.24173pt.


LaTeX Warning: `!h' float specifier changed to `!ht'.

[52] [53 <./figures/BaseTableUpdateObject.pdf>] [54]
chapter 10.

Underfull \hbox (badness 10000) in paragraph at lines 706--707

 []

[55

] [56]
Underfull \hbox (badness 10000) in paragraph at lines 736--738

 []

[57]
Underfull \hbox (badness 10000) in paragraph at lines 746--748

 []

[58]
Overfull \hbox (5.04106pt too wide) in paragraph at lines 767--768
[]$\OML/cmm/m/it/10.95 numberOfClients$ \OT1/ppl/m/n/10.95 The num-ber of clien
ts, that are send-ing up-date op-er-a-tions to HBase
 []


Overfull \hbox (6.55264pt too wide) in paragraph at lines 768--769
[]$\OML/cmm/m/it/10.95 numberOfRegionServer$ \OT1/ppl/m/n/10.95 The num-ber of 
Re-gion Servers, that are con-fig-ured for HBase
 []

[59]
Overfull \hbox (8.96509pt too wide) in paragraph at lines 774--775
\OT1/ppl/m/n/10.95 records. The fac-tor $\OML/cmm/m/it/10.95 numberOfCreateBase
TableRecords=numberOfAggregationKeys$
 []

[60] <figures/Throughput.pdf, id=1133, 361.35pt x 216.81pt>
File: figures/Throughput.pdf Graphic file (type pdf)

<use figures/Throughput.pdf>
Package pdftex.def Info: figures/Throughput.pdf used on input line 803.
(pdftex.def)             Requested size: 433.35742pt x 260.0152pt.


LaTeX Warning: `!h' float specifier changed to `!ht'.

[61]
Underfull \vbox (badness 10000) has occurred while \output is active []

 [62 <./figures/Throughput.pdf>]
<figures/Throughput_uniform.pdf, id=1156, 361.35pt x 216.81pt>
File: figures/Throughput_uniform.pdf Graphic file (type pdf)

<use figures/Throughput_uniform.pdf>
Package pdftex.def Info: figures/Throughput_uniform.pdf used on input line 820.

(pdftex.def)             Requested size: 433.35742pt x 260.0152pt.
 [63 <./figures/Throughput_uniform.pdf>]
<figures/Throughput_zipf2.pdf, id=1171, 361.35pt x 216.81pt>
File: figures/Throughput_zipf2.pdf Graphic file (type pdf)

<use figures/Throughput_zipf2.pdf>
Package pdftex.def Info: figures/Throughput_zipf2.pdf used on input line 840.
(pdftex.def)             Requested size: 433.35742pt x 260.0152pt.


LaTeX Warning: `!h' float specifier changed to `!ht'.

[64] <figures/DifferentDataSize.pdf, id=1178, 361.35pt x 216.81pt>
File: figures/DifferentDataSize.pdf Graphic file (type pdf)

<use figures/DifferentDataSize.pdf>
Package pdftex.def Info: figures/DifferentDataSize.pdf used on input line 859.
(pdftex.def)             Requested size: 433.35742pt x 260.0152pt.


LaTeX Warning: `!h' float specifier changed to `!ht'.


Underfull \vbox (badness 10000) has occurred while \output is active []

 [65 <./figures/Throughput_zipf2.pdf>]
<figures/AggregationKeys.pdf, id=1194, 361.35pt x 216.81pt>
File: figures/AggregationKeys.pdf Graphic file (type pdf)

<use figures/AggregationKeys.pdf>
Package pdftex.def Info: figures/AggregationKeys.pdf used on input line 876.
(pdftex.def)             Requested size: 433.35742pt x 260.0152pt.


LaTeX Warning: `!h' float specifier changed to `!ht'.


Underfull \vbox (badness 1038) has occurred while \output is active []

 [66 <./figures/DifferentDataSize.pdf>]
<figures/ViewTableSplit2.pdf, id=1211, 361.35pt x 216.81pt>
File: figures/ViewTableSplit2.pdf Graphic file (type pdf)

<use figures/ViewTableSplit2.pdf>
Package pdftex.def Info: figures/ViewTableSplit2.pdf used on input line 896.
(pdftex.def)             Requested size: 212.3475pt x 127.40732pt.
 [67 <./figures/AggregationKeys.pdf>] [68 <./figures/ViewTableSplit2.pdf>] [69]

<figures/CommitLog.pdf, id=1249, 361.35pt x 216.81pt>
File: figures/CommitLog.pdf Graphic file (type pdf)

<use figures/CommitLog.pdf>
Package pdftex.def Info: figures/CommitLog.pdf used on input line 918.
(pdftex.def)             Requested size: 433.35742pt x 260.0152pt.
 [70 <./figures/CommitLog.pdf>]
chapter 11.
[71

] [72

]
chapter 12.
[73] [74

]
LaTeX Font Info:    Font shape `OT1/ppl/bx/n' in size <24.88> not available
(Font)              Font shape `OT1/ppl/b/n' tried instead on input line 957.
 [75] [76] (./chapters/oneAppendix.tex
chapter A.
[77

] <figures/Master.pdf, id=1307, 512.27383pt x 512.27383pt>
File: figures/Master.pdf Graphic file (type pdf)

<use figures/Master.pdf>
Package pdftex.def Info: figures/Master.pdf used on input line 47.
(pdftex.def)             Requested size: 409.81961pt x 409.81961pt.
 [78 <./figures/Master.pdf>] [79]
File: figures/RegionServer.pdf Graphic file (type pdf)

<use figures/RegionServer.pdf>
Package pdftex.def Info: figures/RegionServer.pdf used on input line 91.
(pdftex.def)             Requested size: 364.2413pt x 386.98228pt.
 [80] [81]
<figures/ViewManager.pdf, id=1345, 398.32814pt x 483.72722pt>
File: figures/ViewManager.pdf Graphic file (type pdf)

<use figures/ViewManager.pdf>
Package pdftex.def Info: figures/ViewManager.pdf used on input line 139.
(pdftex.def)             Requested size: 433.35742pt x 526.2853pt.
 [82 <./figures/ViewManager.pdf>]
chapter B.
<figures/SO_AddViewManager.pdf, id=1357, 512.27383pt x 512.27383pt>
File: figures/SO_AddViewManager.pdf Graphic file (type pdf)

<use figures/SO_AddViewManager.pdf>
Package pdftex.def Info: figures/SO_AddViewManager.pdf used on input line 154.
(pdftex.def)             Requested size: 409.81961pt x 409.81961pt.


LaTeX Warning: `!h' float specifier changed to `!ht'.

[83

] <figures/SO_AssignViewManager.pdf, id=1363, 455.30101pt x 682.95152pt>
File: figures/SO_AssignViewManager.pdf Graphic file (type pdf)

<use figures/SO_AssignViewManager.pdf>
Package pdftex.def Info: figures/SO_AssignViewManager.pdf used on input line 16
3.
(pdftex.def)             Requested size: 364.2413pt x 546.36195pt.


LaTeX Warning: Float too large for page by 1.3617pt on input line 166.


LaTeX Warning: `!h' float specifier changed to `!ht'.

[84 <./figures/SO_AddViewManager.pdf>]
<figures/SO_WithdrawViewManager.pdf, id=1397, 512.27383pt x 682.95152pt>
File: figures/SO_WithdrawViewManager.pdf Graphic file (type pdf)

<use figures/SO_WithdrawViewManager.pdf>
Package pdftex.def Info: figures/SO_WithdrawViewManager.pdf used on input line 
172.
(pdftex.def)             Requested size: 409.81961pt x 546.36195pt.


LaTeX Warning: Float too large for page by 1.3617pt on input line 175.


LaTeX Warning: `!h' float specifier changed to `!ht'.

[85] <figures/SO_ReassignViewManager.pdf, id=1402, 512.27383pt x 455.30101pt>
File: figures/SO_ReassignViewManager.pdf Graphic file (type pdf)

<use figures/SO_ReassignViewManager.pdf>
Package pdftex.def Info: figures/SO_ReassignViewManager.pdf used on input line 
180.
(pdftex.def)             Requested size: 409.81961pt x 364.2413pt.


LaTeX Warning: `!h' float specifier changed to `!ht'.

[86]
File: figures/SO_ViewManagerCrash.pdf Graphic file (type pdf)
 <use figures/SO_ViewManagerCrash.pdf>
Package pdftex.def Info: figures/SO_ViewManagerCrash.pdf used on input line 190
.
(pdftex.def)             Requested size: 409.81961pt x 409.81961pt.


LaTeX Warning: `!h' float specifier changed to `!ht'.

[87] <figures/SO_AddRegionServer.pdf, id=1411, 512.27383pt x 512.27383pt>
File: figures/SO_AddRegionServer.pdf Graphic file (type pdf)

<use figures/SO_AddRegionServer.pdf>
Package pdftex.def Info: figures/SO_AddRegionServer.pdf used on input line 199.

(pdftex.def)             Requested size: 409.81961pt x 409.81961pt.


LaTeX Warning: `!h' float specifier changed to `!ht'.

[88] <figures/SO_RegionServerCrash.pdf, id=1416, 512.27383pt x 654.52531pt>
File: figures/SO_RegionServerCrash.pdf Graphic file (type pdf)

<use figures/SO_RegionServerCrash.pdf>
Package pdftex.def Info: figures/SO_RegionServerCrash.pdf used on input line 20
8.
(pdftex.def)             Requested size: 409.81961pt x 523.62096pt.


LaTeX Warning: `!h' float specifier changed to `!ht'.

[89] <figures/SO_UpdateProcessing.pdf, id=1422, 512.27383pt x 711.37767pt>
File: figures/SO_UpdateProcessing.pdf Graphic file (type pdf)

<use figures/SO_UpdateProcessing.pdf>
Package pdftex.def Info: figures/SO_UpdateProcessing.pdf used on input line 218
.
(pdftex.def)             Requested size: 358.58923pt x 497.96097pt.


LaTeX Warning: `!h' float specifier changed to `!ht'.

[90] <figures/SO_StatusReports.pdf, id=1427, 512.27383pt x 569.12625pt>
File: figures/SO_StatusReports.pdf Graphic file (type pdf)

<use figures/SO_StatusReports.pdf>
Package pdftex.def Info: figures/SO_StatusReports.pdf used on input line 228.
(pdftex.def)             Requested size: 433.35742pt x 481.46698pt.


LaTeX Warning: `!h' float specifier changed to `!ht'.

[91] [92 <./figures/SO_AssignViewManager.pdf>] [93 <./figures/SO_WithdrawViewMa
nager.pdf>] [94 <./figures/SO_ReassignViewManager.pdf>] [95] [96 <./figures/SO_
AddRegionServer.pdf>] [97 <./figures/SO_RegionServerCrash.pdf>] [98 <./figures/
SO_UpdateProcessing.pdf>] [99 <./figures/SO_StatusReports.pdf>] [100

]
chapter C.
<figures/CO_ConsistencyProblems.pdf, id=1622, 512.27383pt x 682.95152pt>
File: figures/CO_ConsistencyProblems.pdf Graphic file (type pdf)

<use figures/CO_ConsistencyProblems.pdf>
Package pdftex.def Info: figures/CO_ConsistencyProblems.pdf used on input line 
240.
(pdftex.def)             Requested size: 307.36665pt x 409.77406pt.


LaTeX Warning: `!h' float specifier changed to `!ht'.

[101]
<figures/CO_NonIdempotentViewUpdates.pdf, id=1628, 512.27383pt x 569.12625pt>
File: figures/CO_NonIdempotentViewUpdates.pdf Graphic file (type pdf)

<use figures/CO_NonIdempotentViewUpdates.pdf>
Package pdftex.def Info: figures/CO_NonIdempotentViewUpdates.pdf used on input 
line 249.
(pdftex.def)             Requested size: 409.81961pt x 455.30162pt.


LaTeX Warning: `!h' float specifier changed to `!ht'.

[102 <./figures/CO_ConsistencyProblems.pdf>]
<figures/CO_WrongUpdateOrderJoin.pdf, id=1643, 512.27383pt x 682.95152pt>
File: figures/CO_WrongUpdateOrderJoin.pdf Graphic file (type pdf)

<use figures/CO_WrongUpdateOrderJoin.pdf>
Package pdftex.def Info: figures/CO_WrongUpdateOrderJoin.pdf used on input line
 259.
(pdftex.def)             Requested size: 409.81961pt x 546.36195pt.


LaTeX Warning: Float too large for page by 1.3617pt on input line 262.


LaTeX Warning: `!h' float specifier changed to `!ht'.

[103 <./figures/CO_NonIdempotentViewUpdates.pdf>]
<figures/CO_WrongUpdateOrderSelection.pdf, id=1665, 512.27383pt x 569.12625pt>
File: figures/CO_WrongUpdateOrderSelection.pdf Graphic file (type pdf)

<use figures/CO_WrongUpdateOrderSelection.pdf>
Package pdftex.def Info: figures/CO_WrongUpdateOrderSelection.pdf used on input
 line 266.
(pdftex.def)             Requested size: 409.81961pt x 455.30162pt.


LaTeX Warning: `!h' float specifier changed to `!ht'.

<figures/CO_ConcurrentCommitSum.pdf, id=1666, 512.27383pt x 625.97867pt>
File: figures/CO_ConcurrentCommitSum.pdf Graphic file (type pdf)

<use figures/CO_ConcurrentCommitSum.pdf>
Package pdftex.def Info: figures/CO_ConcurrentCommitSum.pdf used on input line 
275.
(pdftex.def)             Requested size: 409.81961pt x 500.78362pt.


LaTeX Warning: `!h' float specifier changed to `!ht'.

[104] <figures/CO_ConcurrentCommitMin.pdf, id=1671, 512.27383pt x 625.97867pt>
File: figures/CO_ConcurrentCommitMin.pdf Graphic file (type pdf)

<use figures/CO_ConcurrentCommitMin.pdf>
Package pdftex.def Info: figures/CO_ConcurrentCommitMin.pdf used on input line 
282.
(pdftex.def)             Requested size: 409.81961pt x 500.78362pt.


LaTeX Warning: `!h' float specifier changed to `!ht'.

<figures/CO_UpdateInterferenceJoin.pdf, id=1672, 512.27383pt x 682.95152pt>
File: figures/CO_UpdateInterferenceJoin.pdf Graphic file (type pdf)

<use figures/CO_UpdateInterferenceJoin.pdf>
Package pdftex.def Info: figures/CO_UpdateInterferenceJoin.pdf used on input li
ne 291.
(pdftex.def)             Requested size: 409.81961pt x 546.36195pt.


LaTeX Warning: Float too large for page by 1.3617pt on input line 294.


LaTeX Warning: `!h' float specifier changed to `!ht'.

[105]
<figures/CO_UpdateInterferenceMin.pdf, id=1677, 512.27383pt x 682.95152pt>
File: figures/CO_UpdateInterferenceMin.pdf Graphic file (type pdf)

<use figures/CO_UpdateInterferenceMin.pdf>
Package pdftex.def Info: figures/CO_UpdateInterferenceMin.pdf used on input lin
e 298.
(pdftex.def)             Requested size: 409.81961pt x 546.36195pt.


LaTeX Warning: Float too large for page by 1.3617pt on input line 301.


LaTeX Warning: `!h' float specifier changed to `!ht'.

[106 <./figures/CO_WrongUpdateOrderJoin.pdf>] [107 <./figures/CO_WrongUpdateOrd
erSelection.pdf>] [108 <./figures/CO_ConcurrentCommitSum.pdf>] [109 <./figures/
CO_ConcurrentCommitMin.pdf>] [110 <./figures/CO_UpdateInterferenceJoin.pdf>]
[111 <./figures/CO_UpdateInterferenceMin.pdf>] [112

]
chapter D.
<figures/LB_AddViewManager.pdf, id=1813, 455.30101pt x 398.32814pt>
File: figures/LB_AddViewManager.pdf Graphic file (type pdf)

<use figures/LB_AddViewManager.pdf>
Package pdftex.def Info: figures/LB_AddViewManager.pdf used on input line 311.
(pdftex.def)             Requested size: 364.2413pt x 318.66293pt.
 [113 <./figures/LB_AddViewManager.pdf>]
<figures/LB_RemoveViewManager.pdf, id=1845, 455.30101pt x 398.32814pt>
File: figures/LB_RemoveViewManager.pdf Graphic file (type pdf)

<use figures/LB_RemoveViewManager.pdf>
Package pdftex.def Info: figures/LB_RemoveViewManager.pdf used on input line 32
0.
(pdftex.def)             Requested size: 364.2413pt x 318.66293pt.
 [114 <./figures/LB_RemoveViewManager.pdf>] <figures/LB_AddRegionServer.pdf, id
=1859, 455.30101pt x 398.32814pt>
File: figures/LB_AddRegionServer.pdf Graphic file (type pdf)

<use figures/LB_AddRegionServer.pdf>
Package pdftex.def Info: figures/LB_AddRegionServer.pdf used on input line 329.

(pdftex.def)             Requested size: 364.2413pt x 318.66293pt.
 [115 <./figures/LB_AddRegionServer.pdf>]
<figures/LB_RemoveRegionServer.pdf, id=1873, 398.32814pt x 398.32814pt>
File: figures/LB_RemoveRegionServer.pdf Graphic file (type pdf)

<use figures/LB_RemoveRegionServer.pdf>
Package pdftex.def Info: figures/LB_RemoveRegionServer.pdf used on input line 3
38.
(pdftex.def)             Requested size: 318.66293pt x 318.66293pt.
 [116 <./figures/LB_RemoveRegionServer.pdf>]) (./main.bbl
chapter without number
[117


] [118])
Package atveryend Info: Empty hook `BeforeClearDocument' on input line 969.
 [119]
Package atveryend Info: Empty hook `AfterLastShipout' on input line 969.
 (./main.aux)
Package atveryend Info: Executing hook `AtVeryEndDocument' on input line 969.
Package atveryend Info: Executing hook `AtEndAfterFileList' on input line 969.
Package rerunfilecheck Info: File `main.out' has not changed.
(rerunfilecheck)             Checksum: DC19C1E68F0AC9F9102A3E78E88E1A65;6037.


LaTeX Warning: There were multiply-defined labels.

Package atveryend Info: Empty hook `AtVeryVeryEnd' on input line 969.
 ) 
Here is how much of TeX's memory you used:
 11386 strings out of 493029
 178581 string characters out of 6136234
 330448 words of memory out of 5000000
 14317 multiletter control sequences out of 15000+600000
 24805 words of font info for 65 fonts, out of 8000000 for 9000
 1141 hyphenation exceptions out of 8191
 43i,11n,66p,3414b,521s stack positions out of 5000i,500n,10000p,200000b,80000s
{/usr/share/texlive/texmf-dist/fonts/enc/dvips/base/8r.enc}</usr/share/texliv
e/texmf-dist/fonts/type1/public/amsfonts/cm/cmex10.pfb></usr/share/texlive/texm
f-dist/fonts/type1/public/amsfonts/cm/cmmi10.pfb></usr/share/texlive/texmf-dist
/fonts/type1/public/amsfonts/cm/cmmi6.pfb></usr/share/texlive/texmf-dist/fonts/
type1/public/amsfonts/cm/cmmi8.pfb></usr/share/texlive/texmf-dist/fonts/type1/p
ublic/amsfonts/cm/cmr10.pfb></usr/share/texlive/texmf-dist/fonts/type1/public/a
msfonts/cm/cmr6.pfb></usr/share/texlive/texmf-dist/fonts/type1/public/amsfonts/
cm/cmr8.pfb></usr/share/texlive/texmf-dist/fonts/type1/public/amsfonts/cm/cmsy1
0.pfb></usr/share/texlive/texmf-dist/fonts/type1/public/amsfonts/cm/cmsy8.pfb><
/usr/share/texlive/texmf-dist/fonts/type1/urw/courier/ucrr8a.pfb></usr/share/te
xlive/texmf-dist/fonts/type1/urw/palatino/uplb8a.pfb></usr/share/texlive/texmf-
dist/fonts/type1/urw/palatino/uplr8a.pfb></usr/share/texlive/texmf-dist/fonts/t
ype1/urw/palatino/uplr8a.pfb></usr/share/texlive/texmf-dist/fonts/type1/urw/pal
atino/uplri8a.pfb>
Output written on main.pdf (133 pages, 4945811 bytes).
PDF statistics:
 2021 PDF objects out of 2073 (max. 8388607)
 1709 compressed objects within 18 object streams
 320 named destinations out of 1000 (max. 500000)
 977 words of extra memory for PDF output out of 10000 (max. 10000000)

